<?xml version="1.0" encoding="UTF-8"?>
<testng-results skipped="0" failed="0" ignored="0" total="3" passed="3">
  <reporter-output>
  </reporter-output>
  <suite name="Default suite" duration-ms="58605" started-at="2018-01-11T19:01:16Z" finished-at="2018-01-11T19:02:15Z">
    <groups>
    </groups>
    <test name="Default test" duration-ms="58605" started-at="2018-01-11T19:01:16Z" finished-at="2018-01-11T19:02:15Z">
      <class name="com.crm.qa.testcases.LoginPageTest">
        <test-method status="PASS" signature="setUp()[pri:0, instance:com.crm.qa.testcases.LoginPageTest@cb5822]" name="setUp" is-config="true" duration-ms="20407" started-at="2018-01-12T00:31:16Z" finished-at="2018-01-12T00:31:37Z">
          <reporter-output>
          </reporter-output>
        </test-method> <!-- setUp -->
        <test-method status="PASS" signature="loginPageTitleTest()[pri:1, instance:com.crm.qa.testcases.LoginPageTest@cb5822]" name="loginPageTitleTest" duration-ms="77" started-at="2018-01-12T00:31:37Z" finished-at="2018-01-12T00:31:37Z">
          <reporter-output>
          </reporter-output>
        </test-method> <!-- loginPageTitleTest -->
        <test-method status="PASS" signature="tearDown()[pri:0, instance:com.crm.qa.testcases.LoginPageTest@cb5822]" name="tearDown" is-config="true" duration-ms="1073" started-at="2018-01-12T00:31:37Z" finished-at="2018-01-12T00:31:38Z">
          <reporter-output>
          </reporter-output>
        </test-method> <!-- tearDown -->
        <test-method status="PASS" signature="setUp()[pri:0, instance:com.crm.qa.testcases.LoginPageTest@cb5822]" name="setUp" is-config="true" duration-ms="10406" started-at="2018-01-12T00:31:38Z" finished-at="2018-01-12T00:31:48Z">
          <reporter-output>
          </reporter-output>
        </test-method> <!-- setUp -->
        <test-method status="PASS" signature="crmlogoTest()[pri:2, instance:com.crm.qa.testcases.LoginPageTest@cb5822]" name="crmlogoTest" duration-ms="191" started-at="2018-01-12T00:31:48Z" finished-at="2018-01-12T00:31:49Z">
          <reporter-output>
          </reporter-output>
        </test-method> <!-- crmlogoTest -->
        <test-method status="PASS" signature="tearDown()[pri:0, instance:com.crm.qa.testcases.LoginPageTest@cb5822]" name="tearDown" is-config="true" duration-ms="833" started-at="2018-01-12T00:31:49Z" finished-at="2018-01-12T00:31:49Z">
          <reporter-output>
          </reporter-output>
        </test-method> <!-- tearDown -->
        <test-method status="PASS" signature="setUp()[pri:0, instance:com.crm.qa.testcases.LoginPageTest@cb5822]" name="setUp" is-config="true" duration-ms="10743" started-at="2018-01-12T00:31:49Z" finished-at="2018-01-12T00:32:00Z">
          <reporter-output>
          </reporter-output>
        </test-method> <!-- setUp -->
        <test-method status="PASS" signature="loginTest()[pri:3, instance:com.crm.qa.testcases.LoginPageTest@cb5822]" name="loginTest" duration-ms="13871" started-at="2018-01-12T00:32:00Z" finished-at="2018-01-12T00:32:14Z">
          <reporter-output>
          </reporter-output>
        </test-method> <!-- loginTest -->
        <test-method status="PASS" signature="tearDown()[pri:0, instance:com.crm.qa.testcases.LoginPageTest@cb5822]" name="tearDown" is-config="true" duration-ms="889" started-at="2018-01-12T00:32:14Z" finished-at="2018-01-12T00:32:15Z">
          <reporter-output>
          </reporter-output>
        </test-method> <!-- tearDown -->
      </class> <!-- com.crm.qa.testcases.LoginPageTest -->
    </test> <!-- Default test -->
  </suite> <!-- Default suite -->
</testng-results>
