<?xml version="1.0" encoding="UTF-8"?>
<!-- Generated by org.testng.reporters.JUnitXMLReporter -->
<testsuite hostname="Srinivas" ignored="0" name="Default test" tests="3" failures="0" timestamp="11 Jan 2018 19:02:15 GMT" time="58.605" errors="0">
  <testcase name="loginPageTitleTest" time="0.077" classname="com.crm.qa.testcases.LoginPageTest"/>
  <testcase name="crmlogoTest" time="0.191" classname="com.crm.qa.testcases.LoginPageTest"/>
  <testcase name="loginTest" time="13.871" classname="com.crm.qa.testcases.LoginPageTest"/>
</testsuite> <!-- Default test -->
